2023-11-03 15:58:18.321 [INF] App server is starting.
2023-11-03 15:58:43.167 [INF] LogErrorHandlerMiddleware.Invoke
2023-11-03 15:58:43.169 [INF] HeartBeat
2023-11-03 15:58:43.171 [INF] LogRequestLoggingMiddleware.Invoke
2023-11-03 15:58:43.874 [WRN] The 'bool' property 'IsActive' on entity type 'Address' is configured with a database-generated default. This default will always be used for inserts when the property has the value 'false', since this is the CLR default for the 'bool' type. Consider using the nullable 'bool?' type instead, so that the default will only be used for inserts when the property value is 'null'.
2023-11-03 15:58:43.877 [WRN] The 'bool' property 'IsActive' on entity type 'Order' is configured with a database-generated default. This default will always be used for inserts when the property has the value 'false', since this is the CLR default for the 'bool' type. Consider using the nullable 'bool?' type instead, so that the default will only be used for inserts when the property value is 'null'.
2023-11-03 15:58:43.877 [WRN] The 'bool' property 'IsActive' on entity type 'User' is configured with a database-generated default. This default will always be used for inserts when the property has the value 'false', since this is the CLR default for the 'bool' type. Consider using the nullable 'bool?' type instead, so that the default will only be used for inserts when the property value is 'null'.
2023-11-03 15:58:43.882 [WRN] No store type was specified for the decimal property 'Price' on entity type 'Product'. This will cause values to be silently truncated if they do not fit in the default precision and scale. Explicitly specify the SQL server column type that can accommodate all the values in 'OnModelCreating' using 'HasColumnType', specify precision and scale using 'HasPrecision', or configure a value converter using 'HasConversion'.
2023-11-03 15:58:44.736 [INF] -------------Request-Begin------------
2023-11-03 15:58:44.737 [INF] Http Request Information: 
Schema:https 
Host: localhost:50000 
Path: /vk/api/v1/Token 
QueryString:  
Request Body: {"email":"uhud@gmail.com","password":"hello"}
2023-11-03 15:58:44.738 [INF] 

2023-11-03 15:58:44.739 [INF] Http Response Information: 
Schema:https 
Host: localhost:50000 
Path: /vk/api/v1/Token 
QueryString:  
StatusCode: 200 
Response Body: {"success":true,"message":"Success","response":{"expireDate":"2023-11-03T20:58:44.7236347+03:00","token":"eyJhbGciOiJodHRwOi8vd3d3LnczLm9yZy8yMDAxLzA0L3htbGRzaWctbW9yZSNobWFjLXNoYTI1NiIsInR5cCI6IkpXVCJ9.eyJJZCI6IjEiLCJSb2xlIjoiYWRtaW4iLCJFbWFpbCI6InVodWRAZ21haWwuY29tIiwiaHR0cDovL3NjaGVtYXMubWljcm9zb2Z0LmNvbS93cy8yMDA4LzA2L2lkZW50aXR5L2NsYWltcy9yb2xlIjoiYWRtaW4iLCJGdWxsTmFtZSI6IlVodWQgRHVybXVzIiwiZXhwIjoxNjk5MDM0MzI0LCJpc3MiOiJWa0FwaSIsImF1ZCI6IlZrQXBpIn0.-oBatcOOEFqJu3EOHRYVNY6ibnhzV0teb9vRqCaAKwc","email":"uhud@gmail.com"}}
2023-11-03 15:58:44.740 [INF] -------------Request-End------------
2023-11-03 15:58:44.765 [INF] LogErrorHandlerMiddleware.Invoke
2023-11-03 15:58:44.765 [INF] HeartBeat
2023-11-03 15:58:44.766 [INF] LogRequestLoggingMiddleware.Invoke
2023-11-03 15:58:44.895 [WRN] Compiling a query which loads related collections for more than one collection navigation, either via 'Include' or through projection, but no 'QuerySplittingBehavior' has been configured. By default, Entity Framework will use 'QuerySplittingBehavior.SingleQuery', which can potentially result in slow query performance. See https://go.microsoft.com/fwlink/?linkid=2134277 for more information. To identify the query that's triggering this warning call 'ConfigureWarnings(w => w.Throw(RelationalEventId.MultipleCollectionIncludeWarning))'.
2023-11-03 15:58:44.929 [INF] -------------Request-Begin------------
2023-11-03 15:58:44.930 [INF] Http Request Information: 
Schema:https 
Host: localhost:50000 
Path: /vk/api/v1/Token/getUserInfo 
QueryString:  
Request Body: 
2023-11-03 15:58:44.931 [INF] 

2023-11-03 15:58:44.932 [INF] Http Response Information: 
Schema:https 
Host: localhost:50000 
Path: /vk/api/v1/Token/getUserInfo 
QueryString:  
StatusCode: 200 
Response Body: {"success":true,"message":"Success","response":{"id":1,"email":"uhud@gmail.com","password":"5d41402abc4b2a76b9719d911017c592","fullName":"Uhud Durmus","profit":0,"role":"admin","credit":5000,"addresses":[],"orders":[]}}
2023-11-03 15:58:44.933 [INF] -------------Request-End------------
2023-11-03 15:59:13.510 [INF] LogErrorHandlerMiddleware.Invoke
2023-11-03 15:59:13.511 [INF] HeartBeat
2023-11-03 15:59:13.512 [INF] LogRequestLoggingMiddleware.Invoke
2023-11-03 15:59:13.531 [INF] -------------Request-Begin------------
2023-11-03 15:59:13.532 [INF] Http Request Information: 
Schema:https 
Host: localhost:50000 
Path: /vk/api/v1/Token/getUserInfo 
QueryString:  
Request Body: 
2023-11-03 15:59:13.533 [INF] 

2023-11-03 15:59:13.534 [INF] Http Response Information: 
Schema:https 
Host: localhost:50000 
Path: /vk/api/v1/Token/getUserInfo 
QueryString:  
StatusCode: 200 
Response Body: {"success":true,"message":"Success","response":{"id":1,"email":"uhud@gmail.com","password":"5d41402abc4b2a76b9719d911017c592","fullName":"Uhud Durmus","profit":0,"role":"admin","credit":5000,"addresses":[],"orders":[]}}
2023-11-03 15:59:13.535 [INF] -------------Request-End------------
2023-11-03 16:00:57.533 [INF] LogErrorHandlerMiddleware.Invoke
2023-11-03 16:00:57.534 [INF] HeartBeat
2023-11-03 16:00:57.535 [INF] LogRequestLoggingMiddleware.Invoke
2023-11-03 16:00:57.550 [INF] -------------Request-Begin------------
2023-11-03 16:00:57.553 [INF] Http Request Information: 
Schema:https 
Host: localhost:50000 
Path: /vk/api/v1/Token/getUserInfo 
QueryString:  
Request Body: 
2023-11-03 16:00:57.554 [INF] 

2023-11-03 16:00:57.555 [INF] Http Response Information: 
Schema:https 
Host: localhost:50000 
Path: /vk/api/v1/Token/getUserInfo 
QueryString:  
StatusCode: 200 
Response Body: {"success":true,"message":"Success","response":{"id":1,"email":"uhud@gmail.com","password":"5d41402abc4b2a76b9719d911017c592","fullName":"Uhud Durmus","profit":0,"role":"admin","credit":5000,"addresses":[],"orders":[]}}
2023-11-03 16:00:57.557 [INF] -------------Request-End------------
2023-11-03 16:01:10.288 [INF] LogErrorHandlerMiddleware.Invoke
2023-11-03 16:01:10.289 [INF] HeartBeat
2023-11-03 16:01:10.290 [INF] LogRequestLoggingMiddleware.Invoke
2023-11-03 16:01:10.294 [INF] -------------Request-Begin------------
2023-11-03 16:01:10.295 [INF] Http Request Information: 
Schema:https 
Host: localhost:50000 
Path: /vk/api/v1/Token/getUserInfo 
QueryString:  
Request Body: 
2023-11-03 16:01:10.296 [INF] 

2023-11-03 16:01:10.297 [INF] Http Response Information: 
Schema:https 
Host: localhost:50000 
Path: /vk/api/v1/Token/getUserInfo 
QueryString:  
StatusCode: 200 
Response Body: {"success":true,"message":"Success","response":{"id":1,"email":"uhud@gmail.com","password":"5d41402abc4b2a76b9719d911017c592","fullName":"Uhud Durmus","profit":0,"role":"admin","credit":5000,"addresses":[],"orders":[]}}
2023-11-03 16:01:10.298 [INF] -------------Request-End------------
2023-11-03 16:01:12.436 [INF] LogErrorHandlerMiddleware.Invoke
2023-11-03 16:01:12.437 [INF] HeartBeat
2023-11-03 16:01:12.438 [INF] LogRequestLoggingMiddleware.Invoke
2023-11-03 16:01:12.443 [INF] -------------Request-Begin------------
2023-11-03 16:01:12.444 [INF] Http Request Information: 
Schema:https 
Host: localhost:50000 
Path: /vk/api/v1/Token/getUserInfo 
QueryString:  
Request Body: 
2023-11-03 16:01:12.445 [INF] 

2023-11-03 16:01:12.446 [INF] Http Response Information: 
Schema:https 
Host: localhost:50000 
Path: /vk/api/v1/Token/getUserInfo 
QueryString:  
StatusCode: 200 
Response Body: {"success":true,"message":"Success","response":{"id":1,"email":"uhud@gmail.com","password":"5d41402abc4b2a76b9719d911017c592","fullName":"Uhud Durmus","profit":0,"role":"admin","credit":5000,"addresses":[],"orders":[]}}
2023-11-03 16:01:12.448 [INF] -------------Request-End------------
2023-11-03 16:01:39.201 [INF] LogErrorHandlerMiddleware.Invoke
2023-11-03 16:01:39.202 [INF] HeartBeat
2023-11-03 16:01:39.203 [INF] LogRequestLoggingMiddleware.Invoke
2023-11-03 16:01:39.207 [INF] -------------Request-Begin------------
2023-11-03 16:01:39.208 [INF] Http Request Information: 
Schema:https 
Host: localhost:50000 
Path: /vk/api/v1/Token/getUserInfo 
QueryString:  
Request Body: 
2023-11-03 16:01:39.209 [INF] 

2023-11-03 16:01:39.210 [INF] Http Response Information: 
Schema:https 
Host: localhost:50000 
Path: /vk/api/v1/Token/getUserInfo 
QueryString:  
StatusCode: 200 
Response Body: {"success":true,"message":"Success","response":{"id":1,"email":"uhud@gmail.com","password":"5d41402abc4b2a76b9719d911017c592","fullName":"Uhud Durmus","profit":0,"role":"admin","credit":5000,"addresses":[],"orders":[]}}
2023-11-03 16:01:39.211 [INF] -------------Request-End------------
2023-11-03 16:01:48.332 [INF] LogErrorHandlerMiddleware.Invoke
2023-11-03 16:01:48.333 [INF] HeartBeat
2023-11-03 16:01:48.334 [INF] LogRequestLoggingMiddleware.Invoke
2023-11-03 16:01:49.810 [INF] -------------Request-Begin------------
2023-11-03 16:01:49.811 [INF] Http Request Information: 
Schema:https 
Host: localhost:50000 
Path: /vk/api/v1/Token/getUserInfo 
QueryString:  
Request Body: 
2023-11-03 16:01:49.812 [INF] 

2023-11-03 16:01:49.813 [INF] Http Response Information: 
Schema:https 
Host: localhost:50000 
Path: /vk/api/v1/Token/getUserInfo 
QueryString:  
StatusCode: 200 
Response Body: {"success":true,"message":"Success","response":{"id":1,"email":"uhud@gmail.com","password":"5d41402abc4b2a76b9719d911017c592","fullName":"Uhud Durmus","profit":0,"role":"admin","credit":5000,"addresses":[],"orders":[]}}
2023-11-03 16:01:49.814 [INF] -------------Request-End------------
2023-11-03 16:01:51.550 [INF] LogErrorHandlerMiddleware.Invoke
2023-11-03 16:01:51.551 [INF] HeartBeat
2023-11-03 16:01:51.551 [INF] LogRequestLoggingMiddleware.Invoke
2023-11-03 16:01:51.555 [INF] -------------Request-Begin------------
2023-11-03 16:01:51.556 [INF] Http Request Information: 
Schema:https 
Host: localhost:50000 
Path: /vk/api/v1/Token/getUserInfo 
QueryString:  
Request Body: 
2023-11-03 16:01:51.557 [INF] 

2023-11-03 16:01:51.558 [INF] Http Response Information: 
Schema:https 
Host: localhost:50000 
Path: /vk/api/v1/Token/getUserInfo 
QueryString:  
StatusCode: 200 
Response Body: {"success":true,"message":"Success","response":{"id":1,"email":"uhud@gmail.com","password":"5d41402abc4b2a76b9719d911017c592","fullName":"Uhud Durmus","profit":0,"role":"admin","credit":5000,"addresses":[],"orders":[]}}
2023-11-03 16:01:51.559 [INF] -------------Request-End------------
2023-11-03 16:02:03.274 [INF] LogErrorHandlerMiddleware.Invoke
2023-11-03 16:02:03.275 [INF] HeartBeat
2023-11-03 16:02:03.275 [INF] LogRequestLoggingMiddleware.Invoke
2023-11-03 16:02:03.280 [INF] -------------Request-Begin------------
2023-11-03 16:02:03.281 [INF] Http Request Information: 
Schema:https 
Host: localhost:50000 
Path: /vk/api/v1/Token/getUserInfo 
QueryString:  
Request Body: 
2023-11-03 16:02:03.283 [INF] 

2023-11-03 16:02:03.284 [INF] Http Response Information: 
Schema:https 
Host: localhost:50000 
Path: /vk/api/v1/Token/getUserInfo 
QueryString:  
StatusCode: 200 
Response Body: {"success":true,"message":"Success","response":{"id":1,"email":"uhud@gmail.com","password":"5d41402abc4b2a76b9719d911017c592","fullName":"Uhud Durmus","profit":0,"role":"admin","credit":5000,"addresses":[],"orders":[]}}
2023-11-03 16:02:03.286 [INF] -------------Request-End------------
2023-11-03 16:02:12.532 [INF] LogErrorHandlerMiddleware.Invoke
2023-11-03 16:02:12.533 [INF] HeartBeat
2023-11-03 16:02:12.533 [INF] LogRequestLoggingMiddleware.Invoke
2023-11-03 16:02:12.537 [INF] -------------Request-Begin------------
2023-11-03 16:02:12.538 [INF] Http Request Information: 
Schema:https 
Host: localhost:50000 
Path: /vk/api/v1/Token/getUserInfo 
QueryString:  
Request Body: 
2023-11-03 16:02:12.540 [INF] 

2023-11-03 16:02:12.541 [INF] Http Response Information: 
Schema:https 
Host: localhost:50000 
Path: /vk/api/v1/Token/getUserInfo 
QueryString:  
StatusCode: 200 
Response Body: {"success":true,"message":"Success","response":{"id":1,"email":"uhud@gmail.com","password":"5d41402abc4b2a76b9719d911017c592","fullName":"Uhud Durmus","profit":0,"role":"admin","credit":5000,"addresses":[],"orders":[]}}
2023-11-03 16:02:12.542 [INF] -------------Request-End------------
2023-11-03 16:02:15.065 [INF] LogErrorHandlerMiddleware.Invoke
2023-11-03 16:02:15.065 [INF] HeartBeat
2023-11-03 16:02:15.066 [INF] LogRequestLoggingMiddleware.Invoke
2023-11-03 16:02:15.070 [INF] -------------Request-Begin------------
2023-11-03 16:02:15.071 [INF] Http Request Information: 
Schema:https 
Host: localhost:50000 
Path: /vk/api/v1/Token/getUserInfo 
QueryString:  
Request Body: 
2023-11-03 16:02:15.072 [INF] 

2023-11-03 16:02:15.073 [INF] Http Response Information: 
Schema:https 
Host: localhost:50000 
Path: /vk/api/v1/Token/getUserInfo 
QueryString:  
StatusCode: 200 
Response Body: {"success":true,"message":"Success","response":{"id":1,"email":"uhud@gmail.com","password":"5d41402abc4b2a76b9719d911017c592","fullName":"Uhud Durmus","profit":0,"role":"admin","credit":5000,"addresses":[],"orders":[]}}
2023-11-03 16:02:15.074 [INF] -------------Request-End------------
2023-11-03 16:06:58.057 [INF] LogErrorHandlerMiddleware.Invoke
2023-11-03 16:06:58.058 [INF] HeartBeat
2023-11-03 16:06:58.059 [INF] LogRequestLoggingMiddleware.Invoke
2023-11-03 16:06:58.071 [INF] -------------Request-Begin------------
2023-11-03 16:06:58.074 [INF] Http Request Information: 
Schema:https 
Host: localhost:50000 
Path: /vk/api/v1/Token/getUserInfo 
QueryString:  
Request Body: 
2023-11-03 16:06:58.075 [INF] 

2023-11-03 16:06:58.076 [INF] Http Response Information: 
Schema:https 
Host: localhost:50000 
Path: /vk/api/v1/Token/getUserInfo 
QueryString:  
StatusCode: 200 
Response Body: {"success":true,"message":"Success","response":{"id":1,"email":"uhud@gmail.com","password":"5d41402abc4b2a76b9719d911017c592","fullName":"Uhud Durmus","profit":0,"role":"admin","credit":5000,"addresses":[],"orders":[]}}
2023-11-03 16:06:58.077 [INF] -------------Request-End------------
2023-11-03 16:07:09.099 [INF] LogErrorHandlerMiddleware.Invoke
2023-11-03 16:07:09.100 [INF] HeartBeat
2023-11-03 16:07:09.101 [INF] LogRequestLoggingMiddleware.Invoke
2023-11-03 16:07:09.104 [INF] -------------Request-Begin------------
2023-11-03 16:07:09.105 [INF] Http Request Information: 
Schema:https 
Host: localhost:50000 
Path: /vk/api/v1/Token/getUserInfo 
QueryString:  
Request Body: 
2023-11-03 16:07:09.107 [INF] 

2023-11-03 16:07:09.107 [INF] Http Response Information: 
Schema:https 
Host: localhost:50000 
Path: /vk/api/v1/Token/getUserInfo 
QueryString:  
StatusCode: 200 
Response Body: {"success":true,"message":"Success","response":{"id":1,"email":"uhud@gmail.com","password":"5d41402abc4b2a76b9719d911017c592","fullName":"Uhud Durmus","profit":0,"role":"admin","credit":5000,"addresses":[],"orders":[]}}
2023-11-03 16:07:09.109 [INF] -------------Request-End------------
2023-11-03 16:07:12.975 [INF] LogErrorHandlerMiddleware.Invoke
2023-11-03 16:07:12.976 [INF] HeartBeat
2023-11-03 16:07:12.977 [INF] LogRequestLoggingMiddleware.Invoke
2023-11-03 16:07:12.981 [INF] -------------Request-Begin------------
2023-11-03 16:07:12.982 [INF] Http Request Information: 
Schema:https 
Host: localhost:50000 
Path: /vk/api/v1/Token/getUserInfo 
QueryString:  
Request Body: 
2023-11-03 16:07:12.983 [INF] 

2023-11-03 16:07:12.984 [INF] Http Response Information: 
Schema:https 
Host: localhost:50000 
Path: /vk/api/v1/Token/getUserInfo 
QueryString:  
StatusCode: 200 
Response Body: {"success":true,"message":"Success","response":{"id":1,"email":"uhud@gmail.com","password":"5d41402abc4b2a76b9719d911017c592","fullName":"Uhud Durmus","profit":0,"role":"admin","credit":5000,"addresses":[],"orders":[]}}
2023-11-03 16:07:12.985 [INF] -------------Request-End------------
2023-11-03 16:07:47.969 [INF] LogErrorHandlerMiddleware.Invoke
2023-11-03 16:07:47.970 [INF] HeartBeat
2023-11-03 16:07:47.971 [INF] LogRequestLoggingMiddleware.Invoke
2023-11-03 16:07:47.993 [INF] -------------Request-Begin------------
2023-11-03 16:07:47.995 [INF] Http Request Information: 
Schema:https 
Host: localhost:50000 
Path: /vk/api/v1/Token/getUserInfo 
QueryString:  
Request Body: 
2023-11-03 16:07:47.997 [INF] 

2023-11-03 16:07:47.998 [INF] Http Response Information: 
Schema:https 
Host: localhost:50000 
Path: /vk/api/v1/Token/getUserInfo 
QueryString:  
StatusCode: 200 
Response Body: {"success":true,"message":"Success","response":{"id":1,"email":"uhud@gmail.com","password":"5d41402abc4b2a76b9719d911017c592","fullName":"Uhud Durmus","profit":0,"role":"admin","credit":5000,"addresses":[],"orders":[]}}
2023-11-03 16:07:48.000 [INF] -------------Request-End------------
2023-11-03 16:09:09.237 [INF] LogErrorHandlerMiddleware.Invoke
2023-11-03 16:09:09.238 [INF] HeartBeat
2023-11-03 16:09:09.238 [INF] LogRequestLoggingMiddleware.Invoke
2023-11-03 16:09:09.261 [INF] -------------Request-Begin------------
2023-11-03 16:09:09.264 [INF] Http Request Information: 
Schema:https 
Host: localhost:50000 
Path: /vk/api/v1/Token/getUserInfo 
QueryString:  
Request Body: 
2023-11-03 16:09:09.266 [INF] 

2023-11-03 16:09:09.267 [INF] Http Response Information: 
Schema:https 
Host: localhost:50000 
Path: /vk/api/v1/Token/getUserInfo 
QueryString:  
StatusCode: 200 
Response Body: {"success":true,"message":"Success","response":{"id":1,"email":"uhud@gmail.com","password":"5d41402abc4b2a76b9719d911017c592","fullName":"Uhud Durmus","profit":0,"role":"admin","credit":5000,"addresses":[],"orders":[]}}
2023-11-03 16:09:09.268 [INF] -------------Request-End------------
2023-11-03 16:09:17.261 [INF] LogErrorHandlerMiddleware.Invoke
2023-11-03 16:09:17.261 [INF] HeartBeat
2023-11-03 16:09:17.262 [INF] LogRequestLoggingMiddleware.Invoke
2023-11-03 16:09:17.266 [INF] -------------Request-Begin------------
2023-11-03 16:09:17.267 [INF] Http Request Information: 
Schema:https 
Host: localhost:50000 
Path: /vk/api/v1/Token/getUserInfo 
QueryString:  
Request Body: 
2023-11-03 16:09:17.268 [INF] 

2023-11-03 16:09:17.270 [INF] Http Response Information: 
Schema:https 
Host: localhost:50000 
Path: /vk/api/v1/Token/getUserInfo 
QueryString:  
StatusCode: 200 
Response Body: {"success":true,"message":"Success","response":{"id":1,"email":"uhud@gmail.com","password":"5d41402abc4b2a76b9719d911017c592","fullName":"Uhud Durmus","profit":0,"role":"admin","credit":5000,"addresses":[],"orders":[]}}
2023-11-03 16:09:17.272 [INF] -------------Request-End------------
2023-11-03 16:09:18.846 [INF] LogErrorHandlerMiddleware.Invoke
2023-11-03 16:09:18.847 [INF] HeartBeat
2023-11-03 16:09:18.847 [INF] LogRequestLoggingMiddleware.Invoke
2023-11-03 16:09:18.851 [INF] -------------Request-Begin------------
2023-11-03 16:09:18.852 [INF] Http Request Information: 
Schema:https 
Host: localhost:50000 
Path: /vk/api/v1/Token/getUserInfo 
QueryString:  
Request Body: 
2023-11-03 16:09:18.853 [INF] 

2023-11-03 16:09:18.853 [INF] Http Response Information: 
Schema:https 
Host: localhost:50000 
Path: /vk/api/v1/Token/getUserInfo 
QueryString:  
StatusCode: 200 
Response Body: {"success":true,"message":"Success","response":{"id":1,"email":"uhud@gmail.com","password":"5d41402abc4b2a76b9719d911017c592","fullName":"Uhud Durmus","profit":0,"role":"admin","credit":5000,"addresses":[],"orders":[]}}
2023-11-03 16:09:18.855 [INF] -------------Request-End------------
2023-11-03 16:10:08.705 [INF] LogErrorHandlerMiddleware.Invoke
2023-11-03 16:10:08.706 [INF] HeartBeat
2023-11-03 16:10:08.707 [INF] LogRequestLoggingMiddleware.Invoke
2023-11-03 16:10:08.718 [INF] -------------Request-Begin------------
2023-11-03 16:10:08.723 [INF] Http Request Information: 
Schema:https 
Host: localhost:50000 
Path: /vk/api/v1/Token/getUserInfo 
QueryString:  
Request Body: 
2023-11-03 16:10:08.724 [INF] 

2023-11-03 16:10:08.725 [INF] Http Response Information: 
Schema:https 
Host: localhost:50000 
Path: /vk/api/v1/Token/getUserInfo 
QueryString:  
StatusCode: 200 
Response Body: {"success":true,"message":"Success","response":{"id":1,"email":"uhud@gmail.com","password":"5d41402abc4b2a76b9719d911017c592","fullName":"Uhud Durmus","profit":0,"role":"admin","credit":5000,"addresses":[],"orders":[]}}
2023-11-03 16:10:08.726 [INF] -------------Request-End------------
2023-11-03 16:10:10.084 [INF] LogErrorHandlerMiddleware.Invoke
2023-11-03 16:10:10.085 [INF] HeartBeat
2023-11-03 16:10:10.086 [INF] LogRequestLoggingMiddleware.Invoke
2023-11-03 16:10:10.090 [INF] -------------Request-Begin------------
2023-11-03 16:10:10.091 [INF] Http Request Information: 
Schema:https 
Host: localhost:50000 
Path: /vk/api/v1/Token/getUserInfo 
QueryString:  
Request Body: 
2023-11-03 16:10:10.092 [INF] 

2023-11-03 16:10:10.093 [INF] Http Response Information: 
Schema:https 
Host: localhost:50000 
Path: /vk/api/v1/Token/getUserInfo 
QueryString:  
StatusCode: 200 
Response Body: {"success":true,"message":"Success","response":{"id":1,"email":"uhud@gmail.com","password":"5d41402abc4b2a76b9719d911017c592","fullName":"Uhud Durmus","profit":0,"role":"admin","credit":5000,"addresses":[],"orders":[]}}
2023-11-03 16:10:10.095 [INF] -------------Request-End------------
2023-11-03 16:10:12.039 [INF] LogErrorHandlerMiddleware.Invoke
2023-11-03 16:10:12.040 [INF] HeartBeat
2023-11-03 16:10:12.041 [INF] LogRequestLoggingMiddleware.Invoke
2023-11-03 16:10:12.044 [INF] -------------Request-Begin------------
2023-11-03 16:10:12.045 [INF] Http Request Information: 
Schema:https 
Host: localhost:50000 
Path: /vk/api/v1/Token/getUserInfo 
QueryString:  
Request Body: 
2023-11-03 16:10:12.046 [INF] 

2023-11-03 16:10:12.046 [INF] Http Response Information: 
Schema:https 
Host: localhost:50000 
Path: /vk/api/v1/Token/getUserInfo 
QueryString:  
StatusCode: 200 
Response Body: {"success":true,"message":"Success","response":{"id":1,"email":"uhud@gmail.com","password":"5d41402abc4b2a76b9719d911017c592","fullName":"Uhud Durmus","profit":0,"role":"admin","credit":5000,"addresses":[],"orders":[]}}
2023-11-03 16:10:12.048 [INF] -------------Request-End------------
2023-11-03 16:10:29.068 [INF] LogErrorHandlerMiddleware.Invoke
2023-11-03 16:10:29.069 [INF] HeartBeat
2023-11-03 16:10:29.070 [INF] LogRequestLoggingMiddleware.Invoke
2023-11-03 16:10:29.073 [INF] -------------Request-Begin------------
2023-11-03 16:10:29.074 [INF] Http Request Information: 
Schema:https 
Host: localhost:50000 
Path: /vk/api/v1/Token/getUserInfo 
QueryString:  
Request Body: 
2023-11-03 16:10:29.075 [INF] 

2023-11-03 16:10:29.076 [INF] Http Response Information: 
Schema:https 
Host: localhost:50000 
Path: /vk/api/v1/Token/getUserInfo 
QueryString:  
StatusCode: 200 
Response Body: {"success":true,"message":"Success","response":{"id":1,"email":"uhud@gmail.com","password":"5d41402abc4b2a76b9719d911017c592","fullName":"Uhud Durmus","profit":0,"role":"admin","credit":5000,"addresses":[],"orders":[]}}
2023-11-03 16:10:29.077 [INF] -------------Request-End------------
2023-11-03 16:11:24.118 [INF] LogErrorHandlerMiddleware.Invoke
2023-11-03 16:11:24.119 [INF] HeartBeat
2023-11-03 16:11:24.120 [INF] LogRequestLoggingMiddleware.Invoke
2023-11-03 16:11:24.142 [INF] -------------Request-Begin------------
2023-11-03 16:11:24.145 [INF] Http Request Information: 
Schema:https 
Host: localhost:50000 
Path: /vk/api/v1/Token/getUserInfo 
QueryString:  
Request Body: 
2023-11-03 16:11:24.146 [INF] 

2023-11-03 16:11:24.147 [INF] Http Response Information: 
Schema:https 
Host: localhost:50000 
Path: /vk/api/v1/Token/getUserInfo 
QueryString:  
StatusCode: 200 
Response Body: {"success":true,"message":"Success","response":{"id":1,"email":"uhud@gmail.com","password":"5d41402abc4b2a76b9719d911017c592","fullName":"Uhud Durmus","profit":0,"role":"admin","credit":5000,"addresses":[],"orders":[]}}
2023-11-03 16:11:24.149 [INF] -------------Request-End------------
2023-11-03 16:12:34.829 [INF] LogErrorHandlerMiddleware.Invoke
2023-11-03 16:12:34.830 [INF] HeartBeat
2023-11-03 16:12:34.830 [INF] LogRequestLoggingMiddleware.Invoke
2023-11-03 16:12:34.840 [INF] -------------Request-Begin------------
2023-11-03 16:12:34.843 [INF] Http Request Information: 
Schema:https 
Host: localhost:50000 
Path: /vk/api/v1/Token/getUserInfo 
QueryString:  
Request Body: 
2023-11-03 16:12:34.843 [INF] 

2023-11-03 16:12:34.844 [INF] Http Response Information: 
Schema:https 
Host: localhost:50000 
Path: /vk/api/v1/Token/getUserInfo 
QueryString:  
StatusCode: 200 
Response Body: {"success":true,"message":"Success","response":{"id":1,"email":"uhud@gmail.com","password":"5d41402abc4b2a76b9719d911017c592","fullName":"Uhud Durmus","profit":0,"role":"admin","credit":5000,"addresses":[],"orders":[]}}
2023-11-03 16:12:34.846 [INF] -------------Request-End------------
2023-11-03 16:14:36.861 [INF] LogErrorHandlerMiddleware.Invoke
2023-11-03 16:14:36.862 [INF] HeartBeat
2023-11-03 16:14:36.863 [INF] LogRequestLoggingMiddleware.Invoke
2023-11-03 16:14:36.874 [INF] -------------Request-Begin------------
2023-11-03 16:14:36.875 [INF] Http Request Information: 
Schema:https 
Host: localhost:50000 
Path: /vk/api/v1/Token/getUserInfo 
QueryString:  
Request Body: 
2023-11-03 16:14:36.876 [INF] 

2023-11-03 16:14:36.876 [INF] Http Response Information: 
Schema:https 
Host: localhost:50000 
Path: /vk/api/v1/Token/getUserInfo 
QueryString:  
StatusCode: 200 
Response Body: {"success":true,"message":"Success","response":{"id":1,"email":"uhud@gmail.com","password":"5d41402abc4b2a76b9719d911017c592","fullName":"Uhud Durmus","profit":0,"role":"admin","credit":5000,"addresses":[],"orders":[]}}
2023-11-03 16:14:36.878 [INF] -------------Request-End------------
2023-11-03 16:14:45.034 [INF] LogErrorHandlerMiddleware.Invoke
2023-11-03 16:14:45.035 [INF] HeartBeat
2023-11-03 16:14:45.035 [INF] LogRequestLoggingMiddleware.Invoke
2023-11-03 16:14:45.039 [INF] -------------Request-Begin------------
2023-11-03 16:14:45.040 [INF] Http Request Information: 
Schema:https 
Host: localhost:50000 
Path: /vk/api/v1/Token/getUserInfo 
QueryString:  
Request Body: 
2023-11-03 16:14:45.043 [INF] 

2023-11-03 16:14:45.044 [INF] Http Response Information: 
Schema:https 
Host: localhost:50000 
Path: /vk/api/v1/Token/getUserInfo 
QueryString:  
StatusCode: 200 
Response Body: {"success":true,"message":"Success","response":{"id":1,"email":"uhud@gmail.com","password":"5d41402abc4b2a76b9719d911017c592","fullName":"Uhud Durmus","profit":0,"role":"admin","credit":5000,"addresses":[],"orders":[]}}
2023-11-03 16:14:45.045 [INF] -------------Request-End------------
