2023-11-01 14:29:49.921 [INF] App server is starting.
2023-11-01 15:55:49.521 [INF] LogErrorHandlerMiddleware.Invoke
2023-11-01 15:55:49.524 [INF] HeartBeat
2023-11-01 15:55:49.525 [INF] LogRequestLoggingMiddleware.Invoke
2023-11-01 15:55:49.534 [INF] -------------Request-Begin------------
2023-11-01 15:55:49.534 [INF] Http Request Information: 
Schema:http 
Host: localhost:15395 
Path: / 
QueryString:  
Request Body: 
2023-11-01 15:55:49.534 [INF] 

2023-11-01 15:55:49.535 [INF] Http Response Information: 
Schema:http 
Host: localhost:15395 
Path: / 
QueryString:  
StatusCode: 307 
Response Body: 
2023-11-01 15:55:49.535 [INF] -------------Request-End------------
2023-11-01 15:55:49.548 [INF] LogErrorHandlerMiddleware.Invoke
2023-11-01 15:55:49.548 [INF] HeartBeat
2023-11-01 15:55:49.548 [INF] LogRequestLoggingMiddleware.Invoke
2023-11-01 15:55:49.675 [INF] -------------Request-Begin------------
2023-11-01 15:55:49.676 [INF] Http Request Information: 
Schema:https 
Host: localhost:44346 
Path: / 
QueryString:  
Request Body: 
2023-11-01 15:55:49.676 [INF] 

2023-11-01 15:55:49.676 [INF] Http Response Information: 
Schema:https 
Host: localhost:44346 
Path: / 
QueryString:  
StatusCode: 404 
Response Body: 
2023-11-01 15:55:49.676 [INF] -------------Request-End------------
2023-11-01 15:55:56.148 [INF] LogErrorHandlerMiddleware.Invoke
2023-11-01 15:55:56.148 [INF] HeartBeat
2023-11-01 15:55:56.148 [INF] LogRequestLoggingMiddleware.Invoke
2023-11-01 15:55:56.148 [INF] -------------Request-Begin------------
2023-11-01 15:55:56.148 [INF] Http Request Information: 
Schema:http 
Host: localhost:15395 
Path: / 
QueryString:  
Request Body: 
2023-11-01 15:55:56.148 [INF] 

2023-11-01 15:55:56.148 [INF] Http Response Information: 
Schema:http 
Host: localhost:15395 
Path: / 
QueryString:  
StatusCode: 307 
Response Body: 
2023-11-01 15:55:56.148 [INF] -------------Request-End------------
2023-11-01 15:55:56.161 [INF] LogErrorHandlerMiddleware.Invoke
2023-11-01 15:55:56.161 [INF] HeartBeat
2023-11-01 15:55:56.161 [INF] LogRequestLoggingMiddleware.Invoke
2023-11-01 15:55:56.164 [INF] -------------Request-Begin------------
2023-11-01 15:55:56.164 [INF] Http Request Information: 
Schema:https 
Host: localhost:44346 
Path: / 
QueryString:  
Request Body: 
2023-11-01 15:55:56.164 [INF] 

2023-11-01 15:55:56.164 [INF] Http Response Information: 
Schema:https 
Host: localhost:44346 
Path: / 
QueryString:  
StatusCode: 404 
Response Body: 
2023-11-01 15:55:56.165 [INF] -------------Request-End------------
2023-11-01 15:56:40.960 [INF] App server is starting.
2023-11-01 15:57:12.774 [INF] App server is starting.
2023-11-01 15:57:13.427 [INF] LogErrorHandlerMiddleware.Invoke
2023-11-01 15:57:13.429 [INF] HeartBeat
2023-11-01 15:57:13.429 [INF] LogRequestLoggingMiddleware.Invoke
2023-11-01 15:57:13.441 [INF] -------------Request-Begin------------
2023-11-01 15:57:13.442 [INF] Http Request Information: 
Schema:http 
Host: localhost:15395 
Path: / 
QueryString:  
Request Body: 
2023-11-01 15:57:13.442 [INF] 

2023-11-01 15:57:13.442 [INF] Http Response Information: 
Schema:http 
Host: localhost:15395 
Path: / 
QueryString:  
StatusCode: 307 
Response Body: 
2023-11-01 15:57:13.442 [INF] -------------Request-End------------
2023-11-01 15:59:39.117 [INF] App server is starting.
2023-11-01 16:00:25.162 [INF] App server is starting.
2023-11-01 16:00:51.451 [INF] LogErrorHandlerMiddleware.Invoke
2023-11-01 16:00:51.453 [INF] HeartBeat
2023-11-01 16:00:51.453 [INF] LogRequestLoggingMiddleware.Invoke
2023-11-01 16:00:51.521 [INF] -------------Request-Begin------------
2023-11-01 16:00:51.521 [INF] Http Request Information: 
Schema:https 
Host: localhost:44346 
Path: /vk/api/v1/Addreses 
QueryString:  
Request Body: 
2023-11-01 16:00:51.521 [INF] 

2023-11-01 16:00:51.521 [INF] Http Response Information: 
Schema:https 
Host: localhost:44346 
Path: /vk/api/v1/Addreses 
QueryString:  
StatusCode: 401 
Response Body: 
2023-11-01 16:00:51.522 [INF] -------------Request-End------------
2023-11-01 16:01:20.995 [INF] App server is starting.
2023-11-01 16:01:40.892 [INF] App server is starting.
2023-11-01 16:05:29.855 [INF] App server is starting.
2023-11-01 16:06:23.641 [INF] App server is starting.
2023-11-01 16:07:08.815 [INF] App server is starting.
2023-11-01 16:07:15.902 [INF] LogErrorHandlerMiddleware.Invoke
2023-11-01 16:07:15.904 [INF] HeartBeat
2023-11-01 16:07:15.906 [INF] LogRequestLoggingMiddleware.Invoke
2023-11-01 16:07:15.970 [INF] -------------Request-Begin------------
2023-11-01 16:07:15.971 [INF] Http Request Information: 
Schema:https 
Host: localhost:50051 
Path: /vk/api/v1/Addreses 
QueryString:  
Request Body: 
2023-11-01 16:07:15.971 [INF] 

2023-11-01 16:07:15.972 [INF] Http Response Information: 
Schema:https 
Host: localhost:50051 
Path: /vk/api/v1/Addreses 
QueryString:  
StatusCode: 401 
Response Body: 
2023-11-01 16:07:15.972 [INF] -------------Request-End------------
2023-11-01 16:07:43.540 [INF] App server is starting.
2023-11-01 16:07:52.850 [INF] LogErrorHandlerMiddleware.Invoke
2023-11-01 16:07:52.853 [INF] HeartBeat
2023-11-01 16:07:52.854 [INF] LogRequestLoggingMiddleware.Invoke
2023-11-01 16:07:53.536 [WRN] The 'bool' property 'IsActive' on entity type 'Address' is configured with a database-generated default. This default will always be used for inserts when the property has the value 'false', since this is the CLR default for the 'bool' type. Consider using the nullable 'bool?' type instead, so that the default will only be used for inserts when the property value is 'null'.
2023-11-01 16:07:53.539 [WRN] The 'bool' property 'IsActive' on entity type 'Order' is configured with a database-generated default. This default will always be used for inserts when the property has the value 'false', since this is the CLR default for the 'bool' type. Consider using the nullable 'bool?' type instead, so that the default will only be used for inserts when the property value is 'null'.
2023-11-01 16:07:53.540 [WRN] The 'bool' property 'IsActive' on entity type 'User' is configured with a database-generated default. This default will always be used for inserts when the property has the value 'false', since this is the CLR default for the 'bool' type. Consider using the nullable 'bool?' type instead, so that the default will only be used for inserts when the property value is 'null'.
2023-11-01 16:07:53.544 [WRN] No store type was specified for the decimal property 'Price' on entity type 'Product'. This will cause values to be silently truncated if they do not fit in the default precision and scale. Explicitly specify the SQL server column type that can accommodate all the values in 'OnModelCreating' using 'HasColumnType', specify precision and scale using 'HasPrecision', or configure a value converter using 'HasConversion'.
2023-11-01 16:07:54.235 [INF] -------------Request-Begin------------
2023-11-01 16:07:54.236 [INF] Http Request Information: 
Schema:https 
Host: localhost:50000 
Path: /vk/api/v1/Token 
QueryString:  
Request Body: {
  "email": "string",
  "password": "string"
}
2023-11-01 16:07:54.237 [INF] 

2023-11-01 16:07:54.238 [INF] Http Response Information: 
Schema:https 
Host: localhost:50000 
Path: /vk/api/v1/Token 
QueryString:  
StatusCode: 200 
Response Body: {"success":false,"message":"Invalid user informations","response":null}
2023-11-01 16:07:54.239 [INF] -------------Request-End------------
2023-11-01 16:14:11.347 [INF] LogErrorHandlerMiddleware.Invoke
2023-11-01 16:14:11.348 [INF] HeartBeat
2023-11-01 16:14:11.348 [INF] LogRequestLoggingMiddleware.Invoke
2023-11-01 16:14:11.401 [INF] -------------Request-Begin------------
2023-11-01 16:14:11.402 [INF] Http Request Information: 
Schema:https 
Host: localhost:50000 
Path: /vk/api/v1/Token 
QueryString:  
Request Body: {
  "email": "string",
  "password": "string"
}
2023-11-01 16:14:11.403 [INF] 

2023-11-01 16:14:11.404 [INF] Http Response Information: 
Schema:https 
Host: localhost:50000 
Path: /vk/api/v1/Token 
QueryString:  
StatusCode: 200 
Response Body: {"success":false,"message":"Invalid user informations","response":null}
2023-11-01 16:14:11.404 [INF] -------------Request-End------------
2023-11-01 16:16:58.170 [INF] App server is starting.
2023-11-01 16:18:11.562 [INF] App server is starting.
2023-11-01 16:19:41.946 [INF] LogErrorHandlerMiddleware.Invoke
2023-11-01 16:19:41.949 [INF] HeartBeat
2023-11-01 16:19:41.950 [INF] LogRequestLoggingMiddleware.Invoke
2023-11-01 16:19:45.560 [WRN] The 'bool' property 'IsActive' on entity type 'Address' is configured with a database-generated default. This default will always be used for inserts when the property has the value 'false', since this is the CLR default for the 'bool' type. Consider using the nullable 'bool?' type instead, so that the default will only be used for inserts when the property value is 'null'.
2023-11-01 16:19:45.563 [WRN] The 'bool' property 'IsActive' on entity type 'Order' is configured with a database-generated default. This default will always be used for inserts when the property has the value 'false', since this is the CLR default for the 'bool' type. Consider using the nullable 'bool?' type instead, so that the default will only be used for inserts when the property value is 'null'.
2023-11-01 16:19:45.564 [WRN] The 'bool' property 'IsActive' on entity type 'User' is configured with a database-generated default. This default will always be used for inserts when the property has the value 'false', since this is the CLR default for the 'bool' type. Consider using the nullable 'bool?' type instead, so that the default will only be used for inserts when the property value is 'null'.
2023-11-01 16:19:45.569 [WRN] No store type was specified for the decimal property 'Price' on entity type 'Product'. This will cause values to be silently truncated if they do not fit in the default precision and scale. Explicitly specify the SQL server column type that can accommodate all the values in 'OnModelCreating' using 'HasColumnType', specify precision and scale using 'HasPrecision', or configure a value converter using 'HasConversion'.
2023-11-01 16:19:47.102 [INF] -------------Request-Begin------------
2023-11-01 16:19:47.103 [INF] Http Request Information: 
Schema:https 
Host: localhost:50000 
Path: /vk/api/v1/Token 
QueryString:  
Request Body: {
  "email": "string",
  "password": "string"
}
2023-11-01 16:19:47.104 [INF] 

2023-11-01 16:19:47.105 [INF] Http Response Information: 
Schema:https 
Host: localhost:50000 
Path: /vk/api/v1/Token 
QueryString:  
StatusCode: 200 
Response Body: {"success":false,"message":"Invalid user informations","response":null}
2023-11-01 16:19:47.106 [INF] -------------Request-End------------
2023-11-01 16:20:54.979 [INF] App server is starting.
2023-11-01 16:21:04.535 [INF] LogErrorHandlerMiddleware.Invoke
2023-11-01 16:21:04.537 [INF] HeartBeat
2023-11-01 16:21:04.539 [INF] LogRequestLoggingMiddleware.Invoke
2023-11-01 16:21:11.672 [WRN] The 'bool' property 'IsActive' on entity type 'Address' is configured with a database-generated default. This default will always be used for inserts when the property has the value 'false', since this is the CLR default for the 'bool' type. Consider using the nullable 'bool?' type instead, so that the default will only be used for inserts when the property value is 'null'.
2023-11-01 16:21:11.675 [WRN] The 'bool' property 'IsActive' on entity type 'Order' is configured with a database-generated default. This default will always be used for inserts when the property has the value 'false', since this is the CLR default for the 'bool' type. Consider using the nullable 'bool?' type instead, so that the default will only be used for inserts when the property value is 'null'.
2023-11-01 16:21:11.675 [WRN] The 'bool' property 'IsActive' on entity type 'User' is configured with a database-generated default. This default will always be used for inserts when the property has the value 'false', since this is the CLR default for the 'bool' type. Consider using the nullable 'bool?' type instead, so that the default will only be used for inserts when the property value is 'null'.
2023-11-01 16:21:11.679 [WRN] No store type was specified for the decimal property 'Price' on entity type 'Product'. This will cause values to be silently truncated if they do not fit in the default precision and scale. Explicitly specify the SQL server column type that can accommodate all the values in 'OnModelCreating' using 'HasColumnType', specify precision and scale using 'HasPrecision', or configure a value converter using 'HasConversion'.
2023-11-01 16:21:12.116 [INF] -------------Request-Begin------------
2023-11-01 16:21:12.117 [INF] Http Request Information: 
Schema:https 
Host: localhost:50000 
Path: /vk/api/v1/Token 
QueryString:  
Request Body: {
  "email": "string",
  "password": "string"
}
2023-11-01 16:21:12.118 [INF] 

2023-11-01 16:21:12.119 [INF] Http Response Information: 
Schema:https 
Host: localhost:50000 
Path: /vk/api/v1/Token 
QueryString:  
StatusCode: 200 
Response Body: {"success":false,"message":"Invalid user informations","response":null}
2023-11-01 16:21:12.120 [INF] -------------Request-End------------
2023-11-01 16:21:31.743 [INF] LogErrorHandlerMiddleware.Invoke
2023-11-01 16:21:31.744 [INF] HeartBeat
2023-11-01 16:21:31.745 [INF] LogRequestLoggingMiddleware.Invoke
2023-11-01 16:21:31.766 [INF] -------------Request-Begin------------
2023-11-01 16:21:31.767 [INF] Http Request Information: 
Schema:https 
Host: localhost:50000 
Path: /vk/api/v1/Token 
QueryString:  
Request Body: {"email":"","password":""}
2023-11-01 16:21:31.768 [INF] 

2023-11-01 16:21:31.769 [INF] Http Response Information: 
Schema:https 
Host: localhost:50000 
Path: /vk/api/v1/Token 
QueryString:  
StatusCode: 400 
Response Body: {"type":"https://tools.ietf.org/html/rfc7231#section-6.5.1","title":"One or more validation errors occurred.","status":400,"traceId":"00-c9a119471e0efece4b543a88f08e7b04-41ad43ed7deff649-00","errors":{"Email":["Email is required."],"Password":["'Password' boş olmamalı.","Password is required."]}}
2023-11-01 16:21:31.770 [INF] -------------Request-End------------
2023-11-01 16:21:38.632 [INF] LogErrorHandlerMiddleware.Invoke
2023-11-01 16:21:38.633 [INF] HeartBeat
2023-11-01 16:21:38.634 [INF] LogRequestLoggingMiddleware.Invoke
2023-11-01 16:21:38.637 [INF] -------------Request-Begin------------
2023-11-01 16:21:38.638 [INF] Http Request Information: 
Schema:https 
Host: localhost:50000 
Path: /vk/api/v1/Token 
QueryString:  
Request Body: {"email":"uhud","password":"asd"}
2023-11-01 16:21:38.639 [INF] 

2023-11-01 16:21:38.640 [INF] Http Response Information: 
Schema:https 
Host: localhost:50000 
Path: /vk/api/v1/Token 
QueryString:  
StatusCode: 400 
Response Body: {"type":"https://tools.ietf.org/html/rfc7231#section-6.5.1","title":"One or more validation errors occurred.","status":400,"traceId":"00-6f923f5beb5269d3d0b58c3933b2ff3c-372d4086262b89f7-00","errors":{"Password":["Password is required."]}}
2023-11-01 16:21:38.641 [INF] -------------Request-End------------
2023-11-01 16:21:50.989 [INF] LogErrorHandlerMiddleware.Invoke
2023-11-01 16:21:50.989 [INF] HeartBeat
2023-11-01 16:21:50.990 [INF] LogRequestLoggingMiddleware.Invoke
2023-11-01 16:21:51.222 [INF] -------------Request-Begin------------
2023-11-01 16:21:51.223 [INF] Http Request Information: 
Schema:https 
Host: localhost:50000 
Path: /vk/api/v1/Token 
QueryString:  
Request Body: {"email":"uhud@gmail.com","password":"hello"}
2023-11-01 16:21:51.224 [INF] 

2023-11-01 16:21:51.225 [INF] Http Response Information: 
Schema:https 
Host: localhost:50000 
Path: /vk/api/v1/Token 
QueryString:  
StatusCode: 200 
Response Body: {"success":true,"message":"Success","response":{"expireDate":"2023-11-01T21:21:51.2167192+03:00","token":"eyJhbGciOiJodHRwOi8vd3d3LnczLm9yZy8yMDAxLzA0L3htbGRzaWctbW9yZSNobWFjLXNoYTI1NiIsInR5cCI6IkpXVCJ9.eyJJZCI6IjEiLCJSb2xlIjoiYWRtaW4iLCJFbWFpbCI6InVodWRAZ21haWwuY29tIiwiaHR0cDovL3NjaGVtYXMubWljcm9zb2Z0LmNvbS93cy8yMDA4LzA2L2lkZW50aXR5L2NsYWltcy9yb2xlIjoiYWRtaW4iLCJGdWxsTmFtZSI6Im11c3RhZmEgdWh1ZCBkdXJtdXMiLCJleHAiOjE2OTg4NjI5MTEsImlzcyI6IlZrQXBpIiwiYXVkIjoiVmtBcGkifQ.fRUE9d383RbXwlvSh-oH8ZnXM9U1lxuX0qfCDoHLXkA","email":"uhud@gmail.com"}}
2023-11-01 16:21:51.227 [INF] -------------Request-End------------
2023-11-01 16:22:08.380 [INF] LogErrorHandlerMiddleware.Invoke
2023-11-01 16:22:08.380 [INF] HeartBeat
2023-11-01 16:22:08.381 [INF] LogRequestLoggingMiddleware.Invoke
2023-11-01 16:22:08.392 [INF] -------------Request-Begin------------
2023-11-01 16:22:08.393 [INF] Http Request Information: 
Schema:https 
Host: localhost:50000 
Path: /vk/api/v1/Token 
QueryString:  
Request Body: {"email":"uhud@gmail.com","password":"hello"}
2023-11-01 16:22:08.394 [INF] 

2023-11-01 16:22:08.395 [INF] Http Response Information: 
Schema:https 
Host: localhost:50000 
Path: /vk/api/v1/Token 
QueryString:  
StatusCode: 200 
Response Body: {"success":true,"message":"Success","response":{"expireDate":"2023-11-01T21:22:08.3924041+03:00","token":"eyJhbGciOiJodHRwOi8vd3d3LnczLm9yZy8yMDAxLzA0L3htbGRzaWctbW9yZSNobWFjLXNoYTI1NiIsInR5cCI6IkpXVCJ9.eyJJZCI6IjEiLCJSb2xlIjoiYWRtaW4iLCJFbWFpbCI6InVodWRAZ21haWwuY29tIiwiaHR0cDovL3NjaGVtYXMubWljcm9zb2Z0LmNvbS93cy8yMDA4LzA2L2lkZW50aXR5L2NsYWltcy9yb2xlIjoiYWRtaW4iLCJGdWxsTmFtZSI6Im11c3RhZmEgdWh1ZCBkdXJtdXMiLCJleHAiOjE2OTg4NjI5MjgsImlzcyI6IlZrQXBpIiwiYXVkIjoiVmtBcGkifQ.FJEZ7wIeKhXfPI3K0J-s52sRdMgZA14higjyxutfFrc","email":"uhud@gmail.com"}}
2023-11-01 16:22:08.396 [INF] -------------Request-End------------
2023-11-01 16:24:59.385 [INF] LogErrorHandlerMiddleware.Invoke
2023-11-01 16:24:59.386 [INF] HeartBeat
2023-11-01 16:24:59.387 [INF] LogRequestLoggingMiddleware.Invoke
2023-11-01 16:24:59.391 [INF] -------------Request-Begin------------
2023-11-01 16:24:59.392 [INF] Http Request Information: 
Schema:https 
Host: localhost:50000 
Path: /vk/api/v1/Token 
QueryString:  
Request Body: {"email":"uhud@gmail.com","password":"hello"}
2023-11-01 16:24:59.393 [INF] 

2023-11-01 16:24:59.394 [INF] Http Response Information: 
Schema:https 
Host: localhost:50000 
Path: /vk/api/v1/Token 
QueryString:  
StatusCode: 200 
Response Body: {"success":true,"message":"Success","response":{"expireDate":"2023-11-01T21:24:59.3916331+03:00","token":"eyJhbGciOiJodHRwOi8vd3d3LnczLm9yZy8yMDAxLzA0L3htbGRzaWctbW9yZSNobWFjLXNoYTI1NiIsInR5cCI6IkpXVCJ9.eyJJZCI6IjEiLCJSb2xlIjoiYWRtaW4iLCJFbWFpbCI6InVodWRAZ21haWwuY29tIiwiaHR0cDovL3NjaGVtYXMubWljcm9zb2Z0LmNvbS93cy8yMDA4LzA2L2lkZW50aXR5L2NsYWltcy9yb2xlIjoiYWRtaW4iLCJGdWxsTmFtZSI6Im11c3RhZmEgdWh1ZCBkdXJtdXMiLCJleHAiOjE2OTg4NjMwOTksImlzcyI6IlZrQXBpIiwiYXVkIjoiVmtBcGkifQ.Of8fanx9F91bmyvL2C9T7pEpRgnNkX1bFQ0VugPPGAI","email":"uhud@gmail.com"}}
2023-11-01 16:24:59.396 [INF] -------------Request-End------------
2023-11-01 21:56:59.630 [INF] App server is starting.
2023-11-01 21:57:39.008 [INF] LogErrorHandlerMiddleware.Invoke
2023-11-01 21:57:39.010 [INF] HeartBeat
2023-11-01 21:57:39.011 [INF] LogRequestLoggingMiddleware.Invoke
2023-11-01 21:57:39.687 [WRN] The 'bool' property 'IsActive' on entity type 'Address' is configured with a database-generated default. This default will always be used for inserts when the property has the value 'false', since this is the CLR default for the 'bool' type. Consider using the nullable 'bool?' type instead, so that the default will only be used for inserts when the property value is 'null'.
2023-11-01 21:57:39.689 [WRN] The 'bool' property 'IsActive' on entity type 'Order' is configured with a database-generated default. This default will always be used for inserts when the property has the value 'false', since this is the CLR default for the 'bool' type. Consider using the nullable 'bool?' type instead, so that the default will only be used for inserts when the property value is 'null'.
2023-11-01 21:57:39.690 [WRN] The 'bool' property 'IsActive' on entity type 'User' is configured with a database-generated default. This default will always be used for inserts when the property has the value 'false', since this is the CLR default for the 'bool' type. Consider using the nullable 'bool?' type instead, so that the default will only be used for inserts when the property value is 'null'.
2023-11-01 21:57:39.694 [WRN] No store type was specified for the decimal property 'Price' on entity type 'Product'. This will cause values to be silently truncated if they do not fit in the default precision and scale. Explicitly specify the SQL server column type that can accommodate all the values in 'OnModelCreating' using 'HasColumnType', specify precision and scale using 'HasPrecision', or configure a value converter using 'HasConversion'.
2023-11-01 21:57:40.293 [INF] -------------Request-Begin------------
2023-11-01 21:57:40.293 [INF] Http Request Information: 
Schema:https 
Host: localhost:50000 
Path: /vk/api/v1/Users 
QueryString:  
Request Body: {
  "email": "uhud@gmail.com",
  "password": "hello",
  "fullName": "Mustafa Uhud Durmus",
  "profit": 0,
  "role": "admin",
  "credit": 5000
}
2023-11-01 21:57:40.295 [INF] 

2023-11-01 21:57:40.296 [INF] Http Response Information: 
Schema:https 
Host: localhost:50000 
Path: /vk/api/v1/Users 
QueryString:  
StatusCode: 200 
Response Body: {"success":true,"message":"Success","response":{"id":1,"email":"uhud@gmail.com","password":"5d41402abc4b2a76b9719d911017c592","fullName":"Mustafa Uhud Durmus","profit":0,"role":"admin","credit":5000,"addresses":[],"orders":[]}}
2023-11-01 21:57:40.297 [INF] -------------Request-End------------
2023-11-01 21:57:56.804 [INF] LogErrorHandlerMiddleware.Invoke
2023-11-01 21:57:56.805 [INF] HeartBeat
2023-11-01 21:57:56.806 [INF] LogRequestLoggingMiddleware.Invoke
2023-11-01 21:57:57.196 [INF] -------------Request-Begin------------
2023-11-01 21:57:57.197 [INF] Http Request Information: 
Schema:https 
Host: localhost:50000 
Path: /vk/api/v1/Token 
QueryString:  
Request Body: {
  "email": "uhud@gmail.com",
  "password": "hello"
}
2023-11-01 21:57:57.199 [INF] 

2023-11-01 21:57:57.200 [INF] Http Response Information: 
Schema:https 
Host: localhost:50000 
Path: /vk/api/v1/Token 
QueryString:  
StatusCode: 200 
Response Body: {"success":true,"message":"Success","response":{"expireDate":"2023-11-02T02:57:57.1907202+03:00","token":"eyJhbGciOiJodHRwOi8vd3d3LnczLm9yZy8yMDAxLzA0L3htbGRzaWctbW9yZSNobWFjLXNoYTI1NiIsInR5cCI6IkpXVCJ9.eyJJZCI6IjEiLCJSb2xlIjoiYWRtaW4iLCJFbWFpbCI6InVodWRAZ21haWwuY29tIiwiaHR0cDovL3NjaGVtYXMubWljcm9zb2Z0LmNvbS93cy8yMDA4LzA2L2lkZW50aXR5L2NsYWltcy9yb2xlIjoiYWRtaW4iLCJGdWxsTmFtZSI6Ik11c3RhZmEgVWh1ZCBEdXJtdXMiLCJleHAiOjE2OTg4ODMwNzcsImlzcyI6IlZrQXBpIiwiYXVkIjoiVmtBcGkifQ.ZWjjRR5nYInL7QuaPgtuXTVk5ycXMW_FMAwBBq_Kl5g","email":"uhud@gmail.com"}}
2023-11-01 21:57:57.201 [INF] -------------Request-End------------
2023-11-01 21:58:34.287 [INF] LogErrorHandlerMiddleware.Invoke
2023-11-01 21:58:34.288 [INF] HeartBeat
2023-11-01 21:58:34.289 [INF] LogRequestLoggingMiddleware.Invoke
2023-11-01 21:58:34.395 [WRN] Compiling a query which loads related collections for more than one collection navigation, either via 'Include' or through projection, but no 'QuerySplittingBehavior' has been configured. By default, Entity Framework will use 'QuerySplittingBehavior.SingleQuery', which can potentially result in slow query performance. See https://go.microsoft.com/fwlink/?linkid=2134277 for more information. To identify the query that's triggering this warning call 'ConfigureWarnings(w => w.Throw(RelationalEventId.MultipleCollectionIncludeWarning))'.
2023-11-01 21:58:34.410 [INF] -------------Request-Begin------------
2023-11-01 21:58:34.411 [INF] Http Request Information: 
Schema:https 
Host: localhost:50000 
Path: /vk/api/v1/Token/getUserInfo 
QueryString:  
Request Body: 
2023-11-01 21:58:34.412 [INF] 

2023-11-01 21:58:34.413 [INF] Http Response Information: 
Schema:https 
Host: localhost:50000 
Path: /vk/api/v1/Token/getUserInfo 
QueryString:  
StatusCode: 200 
Response Body: {"success":true,"message":"Success","response":{"id":1,"email":"uhud@gmail.com","password":"5d41402abc4b2a76b9719d911017c592","fullName":"Mustafa Uhud Durmus","profit":0,"role":"admin","credit":5000,"addresses":[],"orders":[]}}
2023-11-01 21:58:34.414 [INF] -------------Request-End------------
